# JRE version: Java(TM) SE Runtime Environment (8.0_181-b13) (build 1.8.0_181-b13)
# Java VM: Java HotSpot(TM) 64-Bit Server VM (25.181-b13 mixed mode windows-amd64 compressed oops)
Heap:
 PSYoungGen      total 197632K, used 93653K [0x00000000d5580000, 0x00000000e6c00000, 0x0000000100000000)
  eden space 187392K, 44% used [0x00000000d5580000,0x00000000da774dd0,0x00000000e0c80000)
  from space 10240K, 95% used [0x00000000e6200000,0x00000000e6b808b0,0x00000000e6c00000)
  to   space 14336K, 0% used [0x00000000e5000000,0x00000000e5000000,0x00000000e5e00000)
 ParOldGen       total 113152K, used 12699K [0x0000000080000000, 0x0000000086e80000, 0x00000000d5580000)
  object space 113152K, 11% used [0x0000000080000000,0x0000000080c66e20,0x0000000086e80000)
 Metaspace       used 29308K, capacity 30190K, committed 30464K, reserved 1075200K
  class space    used 3497K, capacity 3756K, committed 3840K, reserved 1048576K
GC Heap History (10 events):
Event: 1.286 GC heap before
{Heap before GC invocations=3 (full 0):
 PSYoungGen      total 75776K, used 74099K [0x00000000d5580000, 0x00000000daa00000, 0x0000000100000000)
  eden space 65024K, 100% used [0x00000000d5580000,0x00000000d9500000,0x00000000d9500000)
  from space 10752K, 84% used [0x00000000d9f80000,0x00000000da85cc00,0x00000000daa00000)
  to   space 10752K, 0% used [0x00000000d9500000,0x00000000d9500000,0x00000000d9f80000)
 ParOldGen       total 173568K, used 24K [0x0000000080000000, 0x000000008a980000, 0x00000000d5580000)
  object space 173568K, 0% used [0x0000000080000000,0x0000000080006000,0x000000008a980000)
 Metaspace       used 20353K, capacity 20642K, committed 20864K, reserved 1067008K
  class space    used 2272K, capacity 2364K, committed 2432K, reserved 1048576K
Event: 1.291 GC heap after
Heap after GC invocations=3 (full 0):
 PSYoungGen      total 75776K, used 10741K [0x00000000d5580000, 0x00000000de980000, 0x0000000100000000)
  eden space 65024K, 0% used [0x00000000d5580000,0x00000000d5580000,0x00000000d9500000)
  from space 10752K, 99% used [0x00000000d9500000,0x00000000d9f7d608,0x00000000d9f80000)
  to   space 10752K, 0% used [0x00000000ddf00000,0x00000000ddf00000,0x00000000de980000)
 ParOldGen       total 173568K, used 1136K [0x0000000080000000, 0x000000008a980000, 0x00000000d5580000)
  object space 173568K, 0% used [0x0000000080000000,0x000000008011c0c0,0x000000008a980000)
 Metaspace       used 20353K, capacity 20642K, committed 20864K, reserved 1067008K
  class space    used 2272K, capacity 2364K, committed 2432K, reserved 1048576K
}
Event: 1.433 GC heap before
{Heap before GC invocations=4 (full 0):
 PSYoungGen      total 75776K, used 75765K [0x00000000d5580000, 0x00000000de980000, 0x0000000100000000)
  eden space 65024K, 100% used [0x00000000d5580000,0x00000000d9500000,0x00000000d9500000)
  from space 10752K, 99% used [0x00000000d9500000,0x00000000d9f7d608,0x00000000d9f80000)
  to   space 10752K, 0% used [0x00000000ddf00000,0x00000000ddf00000,0x00000000de980000)
 ParOldGen       total 173568K, used 1136K [0x0000000080000000, 0x000000008a980000, 0x00000000d5580000)
  object space 173568K, 0% used [0x0000000080000000,0x000000008011c0c0,0x000000008a980000)
 Metaspace       used 20667K, capacity 20898K, committed 21120K, reserved 1069056K
  class space    used 2285K, capacity 2364K, committed 2432K, reserved 1048576K
Event: 1.438 GC heap after
Heap after GC invocations=4 (full 0):
 PSYoungGen      total 140800K, used 10698K [0x00000000d5580000, 0x00000000de980000, 0x0000000100000000)
  eden space 130048K, 0% used [0x00000000d5580000,0x00000000d5580000,0x00000000dd480000)
  from space 10752K, 99% used [0x00000000ddf00000,0x00000000de972888,0x00000000de980000)
  to   space 10752K, 0% used [0x00000000dd480000,0x00000000dd480000,0x00000000ddf00000)
 ParOldGen       total 173568K, used 1144K [0x0000000080000000, 0x000000008a980000, 0x00000000d5580000)
  object space 173568K, 0% used [0x0000000080000000,0x000000008011e0c0,0x000000008a980000)
 Metaspace       used 20667K, capacity 20898K, committed 21120K, reserved 1069056K
  class space    used 2285K, capacity 2364K, committed 2432K, reserved 1048576K
}
Event: 1.711 GC heap before
{Heap before GC invocations=5 (full 0):
 PSYoungGen      total 140800K, used 128478K [0x00000000d5580000, 0x00000000de980000, 0x0000000100000000)
  eden space 130048K, 90% used [0x00000000d5580000,0x00000000dc885110,0x00000000dd480000)
  from space 10752K, 99% used [0x00000000ddf00000,0x00000000de972888,0x00000000de980000)
  to   space 10752K, 0% used [0x00000000dd480000,0x00000000dd480000,0x00000000ddf00000)
 ParOldGen       total 173568K, used 1144K [0x0000000080000000, 0x000000008a980000, 0x00000000d5580000)
  object space 173568K, 0% used [0x0000000080000000,0x000000008011e0c0,0x000000008a980000)
 Metaspace       used 20814K, capacity 21058K, committed 21296K, reserved 1069056K
  class space    used 2296K, capacity 2396K, committed 2432K, reserved 1048576K
Event: 1.718 GC heap after
Heap after GC invocations=5 (full 0):
 PSYoungGen      total 140800K, used 10736K [0x00000000d5580000, 0x00000000e7080000, 0x0000000100000000)
  eden space 130048K, 0% used [0x00000000d5580000,0x00000000d5580000,0x00000000dd480000)
  from space 10752K, 99% used [0x00000000dd480000,0x00000000ddefc1c8,0x00000000ddf00000)
  to   space 14848K, 0% used [0x00000000e6200000,0x00000000e6200000,0x00000000e7080000)
 ParOldGen       total 173568K, used 3102K [0x0000000080000000, 0x000000008a980000, 0x00000000d5580000)
  object space 173568K, 1% used [0x0000000080000000,0x00000000803079d0,0x000000008a980000)
 Metaspace       used 20814K, capacity 21058K, committed 21296K, reserved 1069056K
  class space    used 2296K, capacity 2396K, committed 2432K, reserved 1048576K
}
Event: 1.718 GC heap before
{Heap before GC invocations=6 (full 1):
 PSYoungGen      total 140800K, used 10736K [0x00000000d5580000, 0x00000000e7080000, 0x0000000100000000)
  eden space 130048K, 0% used [0x00000000d5580000,0x00000000d5580000,0x00000000dd480000)
  from space 10752K, 99% used [0x00000000dd480000,0x00000000ddefc1c8,0x00000000ddf00000)
  to   space 14848K, 0% used [0x00000000e6200000,0x00000000e6200000,0x00000000e7080000)
 ParOldGen       total 173568K, used 3102K [0x0000000080000000, 0x000000008a980000, 0x00000000d5580000)
  object space 173568K, 1% used [0x0000000080000000,0x00000000803079d0,0x000000008a980000)
 Metaspace       used 20814K, capacity 21058K, committed 21296K, reserved 1069056K
  class space    used 2296K, capacity 2396K, committed 2432K, reserved 1048576K
Event: 1.747 GC heap after
Heap after GC invocations=6 (full 1):
 PSYoungGen      total 140800K, used 0K [0x00000000d5580000, 0x00000000e7080000, 0x0000000100000000)
  eden space 130048K, 0% used [0x00000000d5580000,0x00000000d5580000,0x00000000dd480000)
  from space 10752K, 0% used [0x00000000dd480000,0x00000000dd480000,0x00000000ddf00000)
  to   space 14848K, 0% used [0x00000000e6200000,0x00000000e6200000,0x00000000e7080000)
 ParOldGen       total 113152K, used 12691K [0x0000000080000000, 0x0000000086e80000, 0x00000000d5580000)
  object space 113152K, 11% used [0x0000000080000000,0x0000000080c64e20,0x0000000086e80000)
 Metaspace       used 20814K, capacity 21058K, committed 21296K, reserved 1069056K
  class space    used 2296K, capacity 2396K, committed 2432K, reserved 1048576K
}
Event: 3.242 GC heap before
{Heap before GC invocations=7 (full 1):
 PSYoungGen      total 140800K, used 130048K [0x00000000d5580000, 0x00000000e7080000, 0x0000000100000000)
  eden space 130048K, 100% used [0x00000000d5580000,0x00000000dd480000,0x00000000dd480000)
  from space 10752K, 0% used [0x00000000dd480000,0x00000000dd480000,0x00000000ddf00000)
  to   space 14848K, 0% used [0x00000000e6200000,0x00000000e6200000,0x00000000e7080000)
 ParOldGen       total 113152K, used 12691K [0x0000000080000000, 0x0000000086e80000, 0x00000000d5580000)
  object space 113152K, 11% used [0x0000000080000000,0x0000000080c64e20,0x0000000086e80000)
 Metaspace       used 27087K, capacity 27872K, committed 28032K, reserved 1073152K
  class space    used 3207K, capacity 3407K, committed 3456K, reserved 1048576K
Event: 3.248 GC heap after
Heap after GC invocations=7 (full 1):
 PSYoungGen      total 197632K, used 9730K [0x00000000d5580000, 0x00000000e6c00000, 0x0000000100000000)
  eden space 187392K, 0% used [0x00000000d5580000,0x00000000d5580000,0x00000000e0c80000)
  from space 10240K, 95% used [0x00000000e6200000,0x00000000e6b808b0,0x00000000e6c00000)
  to   space 14336K, 0% used [0x00000000e5000000,0x00000000e5000000,0x00000000e5e00000)
 ParOldGen       total 113152K, used 12699K [0x0000000080000000, 0x0000000086e80000, 0x00000000d5580000)
  object space 113152K, 11% used [0x0000000080000000,0x0000000080c66e20,0x0000000086e80000)
 Metaspace       used 27087K, capacity 27872K, committed 28032K, reserved 1073152K
  class space    used 3207K, capacity 3407K, committed 3456K, reserved 1048576K
}

