# JRE version: Java(TM) SE Runtime Environment (8.0_181-b13) (build 1.8.0_181-b13)
# Java VM: Java HotSpot(TM) 64-Bit Server VM (25.181-b13 mixed mode windows-amd64 compressed oops)
Heap:
 PSYoungGen      total 137216K, used 116720K [0x00000000d5580000, 0x00000000df100000, 0x0000000100000000)
  eden space 125440K, 84% used [0x00000000d5580000,0x00000000dbd920f8,0x00000000dd000000)
  from space 11776K, 86% used [0x00000000de580000,0x00000000def6a1e8,0x00000000df100000)
  to   space 16896K, 0% used [0x00000000dd000000,0x00000000dd000000,0x00000000de080000)
 ParOldGen       total 109056K, used 10577K [0x0000000080000000, 0x0000000086a80000, 0x00000000d5580000)
  object space 109056K, 9% used [0x0000000080000000,0x0000000080a54688,0x0000000086a80000)
 Metaspace       used 30297K, capacity 31396K, committed 31616K, reserved 1077248K
  class space    used 3582K, capacity 3904K, committed 3968K, reserved 1048576K
GC Heap History (10 events):
Event: 2.061 GC heap before
{Heap before GC invocations=5 (full 1):
 PSYoungGen      total 75776K, used 10699K [0x00000000d5580000, 0x00000000de980000, 0x0000000100000000)
  eden space 65024K, 0% used [0x00000000d5580000,0x00000000d5580000,0x00000000d9500000)
  from space 10752K, 99% used [0x00000000d9f80000,0x00000000da9f2fc8,0x00000000daa00000)
  to   space 10752K, 0% used [0x00000000d9500000,0x00000000d9500000,0x00000000d9f80000)
 ParOldGen       total 173568K, used 1307K [0x0000000080000000, 0x000000008a980000, 0x00000000d5580000)
  object space 173568K, 0% used [0x0000000080000000,0x0000000080146d60,0x000000008a980000)
 Metaspace       used 20867K, capacity 21094K, committed 21296K, reserved 1069056K
  class space    used 2279K, capacity 2364K, committed 2432K, reserved 1048576K
Event: 2.087 GC heap after
Heap after GC invocations=5 (full 1):
 PSYoungGen      total 75776K, used 0K [0x00000000d5580000, 0x00000000de980000, 0x0000000100000000)
  eden space 65024K, 0% used [0x00000000d5580000,0x00000000d5580000,0x00000000d9500000)
  from space 10752K, 0% used [0x00000000d9f80000,0x00000000d9f80000,0x00000000daa00000)
  to   space 10752K, 0% used [0x00000000d9500000,0x00000000d9500000,0x00000000d9f80000)
 ParOldGen       total 109056K, used 10553K [0x0000000080000000, 0x0000000086a80000, 0x00000000d5580000)
  object space 109056K, 9% used [0x0000000080000000,0x0000000080a4e688,0x0000000086a80000)
 Metaspace       used 20867K, capacity 21094K, committed 21296K, reserved 1069056K
  class space    used 2279K, capacity 2364K, committed 2432K, reserved 1048576K
}
Event: 2.343 GC heap before
{Heap before GC invocations=6 (full 1):
 PSYoungGen      total 75776K, used 65024K [0x00000000d5580000, 0x00000000de980000, 0x0000000100000000)
  eden space 65024K, 100% used [0x00000000d5580000,0x00000000d9500000,0x00000000d9500000)
  from space 10752K, 0% used [0x00000000d9f80000,0x00000000d9f80000,0x00000000daa00000)
  to   space 10752K, 0% used [0x00000000d9500000,0x00000000d9500000,0x00000000d9f80000)
 ParOldGen       total 109056K, used 10553K [0x0000000080000000, 0x0000000086a80000, 0x00000000d5580000)
  object space 109056K, 9% used [0x0000000080000000,0x0000000080a4e688,0x0000000086a80000)
 Metaspace       used 20938K, capacity 21222K, committed 21552K, reserved 1069056K
  class space    used 2282K, capacity 2364K, committed 2432K, reserved 1048576K
Event: 2.344 GC heap after
Heap after GC invocations=6 (full 1):
 PSYoungGen      total 75776K, used 448K [0x00000000d5580000, 0x00000000dd080000, 0x0000000100000000)
  eden space 65024K, 0% used [0x00000000d5580000,0x00000000d5580000,0x00000000d9500000)
  from space 10752K, 4% used [0x00000000d9500000,0x00000000d9570000,0x00000000d9f80000)
  to   space 15360K, 0% used [0x00000000dc180000,0x00000000dc180000,0x00000000dd080000)
 ParOldGen       total 109056K, used 10561K [0x0000000080000000, 0x0000000086a80000, 0x00000000d5580000)
  object space 109056K, 9% used [0x0000000080000000,0x0000000080a50688,0x0000000086a80000)
 Metaspace       used 20938K, capacity 21222K, committed 21552K, reserved 1069056K
  class space    used 2282K, capacity 2364K, committed 2432K, reserved 1048576K
}
Event: 2.580 GC heap before
{Heap before GC invocations=7 (full 1):
 PSYoungGen      total 75776K, used 65472K [0x00000000d5580000, 0x00000000dd080000, 0x0000000100000000)
  eden space 65024K, 100% used [0x00000000d5580000,0x00000000d9500000,0x00000000d9500000)
  from space 10752K, 4% used [0x00000000d9500000,0x00000000d9570000,0x00000000d9f80000)
  to   space 15360K, 0% used [0x00000000dc180000,0x00000000dc180000,0x00000000dd080000)
 ParOldGen       total 109056K, used 10561K [0x0000000080000000, 0x0000000086a80000, 0x00000000d5580000)
  object space 109056K, 9% used [0x0000000080000000,0x0000000080a50688,0x0000000086a80000)
 Metaspace       used 20955K, capacity 21222K, committed 21552K, reserved 1069056K
  class space    used 2283K, capacity 2364K, committed 2432K, reserved 1048576K
Event: 2.581 GC heap after
Heap after GC invocations=7 (full 1):
 PSYoungGen      total 108544K, used 672K [0x00000000d5580000, 0x00000000dd000000, 0x0000000100000000)
  eden space 93696K, 0% used [0x00000000d5580000,0x00000000d5580000,0x00000000db100000)
  from space 14848K, 4% used [0x00000000dc180000,0x00000000dc228020,0x00000000dd000000)
  to   space 15872K, 0% used [0x00000000db100000,0x00000000db100000,0x00000000dc080000)
 ParOldGen       total 109056K, used 10561K [0x0000000080000000, 0x0000000086a80000, 0x00000000d5580000)
  object space 109056K, 9% used [0x0000000080000000,0x0000000080a50688,0x0000000086a80000)
 Metaspace       used 20955K, capacity 21222K, committed 21552K, reserved 1069056K
  class space    used 2283K, capacity 2364K, committed 2432K, reserved 1048576K
}
Event: 4.176 GC heap before
{Heap before GC invocations=8 (full 1):
 PSYoungGen      total 108544K, used 94368K [0x00000000d5580000, 0x00000000dd000000, 0x0000000100000000)
  eden space 93696K, 100% used [0x00000000d5580000,0x00000000db100000,0x00000000db100000)
  from space 14848K, 4% used [0x00000000dc180000,0x00000000dc228020,0x00000000dd000000)
  to   space 15872K, 0% used [0x00000000db100000,0x00000000db100000,0x00000000dc080000)
 ParOldGen       total 109056K, used 10561K [0x0000000080000000, 0x0000000086a80000, 0x00000000d5580000)
  object space 109056K, 9% used [0x0000000080000000,0x0000000080a50688,0x0000000086a80000)
 Metaspace       used 26918K, capacity 27578K, committed 27648K, reserved 1073152K
  class space    used 3125K, capacity 3290K, committed 3328K, reserved 1048576K
Event: 4.181 GC heap after
Heap after GC invocations=8 (full 1):
 PSYoungGen      total 109568K, used 11537K [0x00000000d5580000, 0x00000000df600000, 0x0000000100000000)
  eden space 93696K, 0% used [0x00000000d5580000,0x00000000d5580000,0x00000000db100000)
  from space 15872K, 72% used [0x00000000db100000,0x00000000dbc446f8,0x00000000dc080000)
  to   space 16896K, 0% used [0x00000000de580000,0x00000000de580000,0x00000000df600000)
 ParOldGen       total 109056K, used 10569K [0x0000000080000000, 0x0000000086a80000, 0x00000000d5580000)
  object space 109056K, 9% used [0x0000000080000000,0x0000000080a52688,0x0000000086a80000)
 Metaspace       used 26918K, capacity 27578K, committed 27648K, reserved 1073152K
  class space    used 3125K, capacity 3290K, committed 3328K, reserved 1048576K
}
Event: 8.663 GC heap before
{Heap before GC invocations=9 (full 1):
 PSYoungGen      total 109568K, used 105233K [0x00000000d5580000, 0x00000000df600000, 0x0000000100000000)
  eden space 93696K, 100% used [0x00000000d5580000,0x00000000db100000,0x00000000db100000)
  from space 15872K, 72% used [0x00000000db100000,0x00000000dbc446f8,0x00000000dc080000)
  to   space 16896K, 0% used [0x00000000de580000,0x00000000de580000,0x00000000df600000)
 ParOldGen       total 109056K, used 10569K [0x0000000080000000, 0x0000000086a80000, 0x00000000d5580000)
  object space 109056K, 9% used [0x0000000080000000,0x0000000080a52688,0x0000000086a80000)
 Metaspace       used 29306K, capacity 30168K, committed 30336K, reserved 1075200K
  class space    used 3466K, capacity 3704K, committed 3712K, reserved 1048576K
Event: 8.668 GC heap after
Heap after GC invocations=9 (full 1):
 PSYoungGen      total 137216K, used 10152K [0x00000000d5580000, 0x00000000df100000, 0x0000000100000000)
  eden space 125440K, 0% used [0x00000000d5580000,0x00000000d5580000,0x00000000dd000000)
  from space 11776K, 86% used [0x00000000de580000,0x00000000def6a1e8,0x00000000df100000)
  to   space 16896K, 0% used [0x00000000dd000000,0x00000000dd000000,0x00000000de080000)
 ParOldGen       total 109056K, used 10577K [0x0000000080000000, 0x0000000086a80000, 0x00000000d5580000)
  object space 109056K, 9% used [0x0000000080000000,0x0000000080a54688,0x0000000086a80000)
 Metaspace       used 29306K, capacity 30168K, committed 30336K, reserved 1075200K
  class space    used 3466K, capacity 3704K, committed 3712K, reserved 1048576K
}

